<?xml version="1.0" encoding="UTF-8"?>
<!-- Generated by org.testng.reporters.JUnitXMLReporter -->
<testsuite ignored="1" hostname="LAPTOP-GAB8185M" failures="0" tests="1" name="Default test" time="2.159" errors="0" timestamp="2026-01-27T14:14:31 IST">
  <testcase classname="com.qa.api.schema.tests.GoRestUserAPISchemaTest" name="createUserAPISchemaTest" time="1.675"/>
  <testcase classname="com.qa.api.schema.tests.GoRestUserAPISchemaTest" name="getUsersAPISchemaTest" time="0.0">
    <ignored/>
  </testcase> <!-- getUsersAPISchemaTest -->
</testsuite> <!-- Default test -->
