<?xml version="1.0" encoding="UTF-8"?>
<!-- Generated by org.testng.reporters.JUnitXMLReporter -->
<testsuite ignored="2" hostname="LAPTOP-GAB8185M" failures="0" tests="1" name="Default test" time="2.08" errors="0" timestamp="2026-01-26T14:31:30 IST">
  <testcase classname="com.qa.api.gorest.tests.CreateUserTest" name="createAUserTestWithJsonString" time="1.609"/>
  <testcase classname="com.qa.api.gorest.tests.CreateUserTest" name="createAUserTest" time="0.0">
    <ignored/>
  </testcase> <!-- createAUserTest -->
  <testcase classname="com.qa.api.gorest.tests.CreateUserTest" name="createAUserTestWithJsonfile" time="0.0">
    <ignored/>
  </testcase> <!-- createAUserTestWithJsonfile -->
</testsuite> <!-- Default test -->
