<?xml version="1.0" encoding="UTF-8"?>
<testng-results ignored="2" total="7" passed="5" failed="0" skipped="0">
  <reporter-output>
  </reporter-output>
  <suite started-at="2026-01-28T11:03:51 IST" name="Default suite" finished-at="2026-01-28T11:03:55 IST" duration-ms="3791">
    <groups>
    </groups>
    <test started-at="2026-01-28T11:03:51 IST" name="Default test" finished-at="2026-01-28T11:03:55 IST" duration-ms="3791">
      <class name="com.qa.api.gorest.tests.CreateUserTest">
        <test-method is-config="true" signature="setupAllureReport()[pri:0, instance:com.qa.api.gorest.tests.CreateUserTest@7f2cfe3f]" started-at="2026-01-28T11:03:51 IST" name="setupAllureReport" finished-at="2026-01-28T11:03:51 IST" duration-ms="367" status="PASS">
          <reporter-output>
          </reporter-output>
        </test-method> <!-- setupAllureReport -->
        <test-method is-config="true" signature="setup()[pri:0, instance:com.qa.api.gorest.tests.CreateUserTest@7f2cfe3f]" started-at="2026-01-28T11:03:51 IST" name="setup" finished-at="2026-01-28T11:03:51 IST" duration-ms="141" status="PASS">
          <reporter-output>
          </reporter-output>
        </test-method> <!-- setup -->
        <test-method is-config="true" signature="setUpToken()[pri:0, instance:com.qa.api.gorest.tests.CreateUserTest@7f2cfe3f]" started-at="2026-01-28T11:03:51 IST" name="setUpToken" finished-at="2026-01-28T11:03:51 IST" duration-ms="3" status="PASS">
          <reporter-output>
          </reporter-output>
        </test-method> <!-- setUpToken -->
        <test-method signature="createAUserTest(java.lang.String,java.lang.String,java.lang.String)[pri:0, instance:com.qa.api.gorest.tests.CreateUserTest@7f2cfe3f]" started-at="2026-01-28T11:03:52 IST" name="createAUserTest" data-provider="getUserExcelData" finished-at="2026-01-28T11:03:54 IST" duration-ms="2125" status="PASS">
          <params>
            <param index="0">
              <value>
                <![CDATA[Priyanka]]>
              </value>
            </param>
            <param index="1">
              <value>
                <![CDATA[female]]>
              </value>
            </param>
            <param index="2">
              <value>
                <![CDATA[active]]>
              </value>
            </param>
          </params>
          <reporter-output>
          </reporter-output>
        </test-method> <!-- createAUserTest -->
        <test-method signature="createAUserTest(java.lang.String,java.lang.String,java.lang.String)[pri:0, instance:com.qa.api.gorest.tests.CreateUserTest@7f2cfe3f]" started-at="2026-01-28T11:03:54 IST" name="createAUserTest" data-provider="getUserExcelData" finished-at="2026-01-28T11:03:54 IST" duration-ms="263" status="PASS">
          <params>
            <param index="0">
              <value>
                <![CDATA[Ranjit]]>
              </value>
            </param>
            <param index="1">
              <value>
                <![CDATA[male]]>
              </value>
            </param>
            <param index="2">
              <value>
                <![CDATA[inactive]]>
              </value>
            </param>
          </params>
          <reporter-output>
          </reporter-output>
        </test-method> <!-- createAUserTest -->
        <test-method signature="createAUserTest(java.lang.String,java.lang.String,java.lang.String)[pri:0, instance:com.qa.api.gorest.tests.CreateUserTest@7f2cfe3f]" started-at="2026-01-28T11:03:54 IST" name="createAUserTest" data-provider="getUserExcelData" finished-at="2026-01-28T11:03:54 IST" duration-ms="227" status="PASS">
          <params>
            <param index="0">
              <value>
                <![CDATA[Elmar]]>
              </value>
            </param>
            <param index="1">
              <value>
                <![CDATA[male]]>
              </value>
            </param>
            <param index="2">
              <value>
                <![CDATA[inactive]]>
              </value>
            </param>
          </params>
          <reporter-output>
          </reporter-output>
        </test-method> <!-- createAUserTest -->
        <test-method signature="createAUserTest(java.lang.String,java.lang.String,java.lang.String)[pri:0, instance:com.qa.api.gorest.tests.CreateUserTest@7f2cfe3f]" started-at="2026-01-28T11:03:54 IST" name="createAUserTest" data-provider="getUserExcelData" finished-at="2026-01-28T11:03:55 IST" duration-ms="215" status="PASS">
          <params>
            <param index="0">
              <value>
                <![CDATA[Harsh]]>
              </value>
            </param>
            <param index="1">
              <value>
                <![CDATA[male]]>
              </value>
            </param>
            <param index="2">
              <value>
                <![CDATA[active]]>
              </value>
            </param>
          </params>
          <reporter-output>
          </reporter-output>
        </test-method> <!-- createAUserTest -->
        <test-method signature="createAUserTest(java.lang.String,java.lang.String,java.lang.String)[pri:0, instance:com.qa.api.gorest.tests.CreateUserTest@7f2cfe3f]" started-at="2026-01-28T11:03:55 IST" name="createAUserTest" data-provider="getUserExcelData" finished-at="2026-01-28T11:03:55 IST" duration-ms="218" status="PASS">
          <params>
            <param index="0">
              <value>
                <![CDATA[Revathy]]>
              </value>
            </param>
            <param index="1">
              <value>
                <![CDATA[female]]>
              </value>
            </param>
            <param index="2">
              <value>
                <![CDATA[inactive]]>
              </value>
            </param>
          </params>
          <reporter-output>
          </reporter-output>
        </test-method> <!-- createAUserTest -->
      </class> <!-- com.qa.api.gorest.tests.CreateUserTest -->
    </test> <!-- Default test -->
  </suite> <!-- Default suite -->
</testng-results>
