<?xml version="1.0" encoding="UTF-8"?>
<testng-results ignored="0" total="1" passed="1" failed="0" skipped="0">
  <reporter-output>
  </reporter-output>
  <suite started-at="2026-01-26T18:28:28 IST" name="Default suite" finished-at="2026-01-26T18:28:30 IST" duration-ms="2457">
    <groups>
    </groups>
    <test started-at="2026-01-26T18:28:28 IST" name="Default test" finished-at="2026-01-26T18:28:30 IST" duration-ms="2457">
      <class name="com.qa.api.basicauth.tests.BasicAuthTest">
        <test-method is-config="true" signature="setup()[pri:0, instance:com.qa.api.basicauth.tests.BasicAuthTest@294425a7]" started-at="2026-01-26T18:28:28 IST" name="setup" finished-at="2026-01-26T18:28:28 IST" duration-ms="436" status="PASS">
          <reporter-output>
          </reporter-output>
        </test-method> <!-- setup -->
        <test-method signature="basicAuthTest()[pri:0, instance:com.qa.api.basicauth.tests.BasicAuthTest@294425a7]" started-at="2026-01-26T18:28:28 IST" name="basicAuthTest" finished-at="2026-01-26T18:28:30 IST" duration-ms="1985" status="PASS">
          <reporter-output>
          </reporter-output>
        </test-method> <!-- basicAuthTest -->
      </class> <!-- com.qa.api.basicauth.tests.BasicAuthTest -->
    </test> <!-- Default test -->
  </suite> <!-- Default suite -->
</testng-results>
