<?xml version="1.0" encoding="UTF-8"?>
<!-- Generated by org.testng.reporters.JUnitXMLReporter -->
<testsuite ignored="2" hostname="LAPTOP-GAB8185M" failures="0" tests="1" name="Go Rest API Test - Create User" time="1.005" errors="0" timestamp="2026-01-27T14:58:05 IST">
  <testcase classname="com.qa.api.gorest.tests.CreateUserTest" name="createAUserTest" time="0.998"/>
  <testcase classname="com.qa.api.gorest.tests.CreateUserTest" name="createAUserTestWithJsonfile" time="0.0">
    <ignored/>
  </testcase> <!-- createAUserTestWithJsonfile -->
  <testcase classname="com.qa.api.gorest.tests.CreateUserTest" name="createAUserTestWithJsonString" time="0.0">
    <ignored/>
  </testcase> <!-- createAUserTestWithJsonString -->
</testsuite> <!-- Go Rest API Test - Create User -->
