<?xml version="1.0" encoding="UTF-8"?>
<!-- Generated by org.testng.reporters.JUnitXMLReporter -->
<testsuite ignored="0" hostname="LAPTOP-GAB8185M" failures="0" tests="2" name="Schema Test" time="0.535" errors="0" timestamp="2026-01-28T09:56:29 IST">
  <testcase classname="com.qa.api.schema.tests.GoRestUserAPISchemaTest" name="createUserAPISchemaTest" time="0.349"/>
  <testcase classname="com.qa.api.schema.tests.GoRestUserAPISchemaTest" name="getUsersAPISchemaTest" time="0.178"/>
</testsuite> <!-- Schema Test -->
