<?xml version="1.0" encoding="UTF-8"?>
<!-- Generated by org.testng.reporters.JUnitReportReporter -->
<testsuite hostname="LAPTOP-GAB8185M" failures="0" tests="3" name="com.qa.api.gorest.tests.CreateUserTest" time="0.998" errors="0" timestamp="2026-01-27T14:58:09 IST" skipped="2">
  <testcase classname="com.qa.api.gorest.tests.CreateUserTest" name="createAUserTest" time="0.998"/>
  <system-out/>
  <testcase classname="com.qa.api.gorest.tests.CreateUserTest" name="createAUserTestWithJsonfile">
    <skipped/>
  </testcase> <!-- createAUserTestWithJsonfile -->
  <system-out/>
  <testcase classname="com.qa.api.gorest.tests.CreateUserTest" name="createAUserTestWithJsonString">
    <skipped/>
  </testcase> <!-- createAUserTestWithJsonString -->
  <system-out/>
</testsuite> <!-- com.qa.api.gorest.tests.CreateUserTest -->
