<?xml version="1.0" encoding="UTF-8"?>
<!-- Generated by org.testng.reporters.JUnitReportReporter -->
<testsuite hostname="LAPTOP-GAB8185M" failures="0" tests="3" name="com.qa.api.gorest.tests.GetUserTest" time="1.417" errors="0" timestamp="2026-01-28T09:56:30 IST" skipped="1">
  <testcase classname="com.qa.api.gorest.tests.GetUserTest" name="getAllUsersWithQueryParamTest" time="0.202"/>
  <system-out/>
  <testcase classname="com.qa.api.gorest.tests.GetUserTest" name="getAllUsersTest" time="1.215"/>
  <system-out/>
  <testcase classname="com.qa.api.gorest.tests.GetUserTest" name="getSingleUserTest">
    <skipped/>
  </testcase> <!-- getSingleUserTest -->
  <system-out/>
</testsuite> <!-- com.qa.api.gorest.tests.GetUserTest -->
