<?xml version="1.0" encoding="UTF-8"?>
<!-- Generated by org.testng.reporters.JUnitReportReporter -->
<testsuite hostname="LAPTOP-GAB8185M" failures="0" tests="7" name="com.qa.api.gorest.tests.CreateUserTest" time="3.048" errors="0" timestamp="2026-01-28T11:03:55 IST" skipped="2">
  <testcase classname="com.qa.api.gorest.tests.CreateUserTest" name="createAUserTest" time="0.227"/>
  <system-out/>
  <testcase classname="com.qa.api.gorest.tests.CreateUserTest" name="createAUserTest" time="0.218"/>
  <system-out/>
  <testcase classname="com.qa.api.gorest.tests.CreateUserTest" name="createAUserTest" time="0.263"/>
  <system-out/>
  <testcase classname="com.qa.api.gorest.tests.CreateUserTest" name="createAUserTest" time="2.125"/>
  <system-out/>
  <testcase classname="com.qa.api.gorest.tests.CreateUserTest" name="createAUserTest" time="0.215"/>
  <system-out/>
  <testcase classname="com.qa.api.gorest.tests.CreateUserTest" name="createAUserTestWithJsonfile">
    <skipped/>
  </testcase> <!-- createAUserTestWithJsonfile -->
  <system-out/>
  <testcase classname="com.qa.api.gorest.tests.CreateUserTest" name="createAUserTestWithJsonString">
    <skipped/>
  </testcase> <!-- createAUserTestWithJsonString -->
  <system-out/>
</testsuite> <!-- com.qa.api.gorest.tests.CreateUserTest -->
