<?xml version="1.0" encoding="UTF-8"?>
<!-- Generated by org.testng.reporters.JUnitReportReporter -->
<testsuite hostname="LAPTOP-GAB8185M" failures="0" tests="1" name="com.qa.api.gorest.tests.GetAUserWithDeserializationTest" time="2.037" errors="0" timestamp="2026-01-27T09:05:56 IST" skipped="0">
  <testcase classname="com.qa.api.gorest.tests.GetAUserWithDeserializationTest" name="createAUserTest" time="2.037"/>
  <system-out/>
</testsuite> <!-- com.qa.api.gorest.tests.GetAUserWithDeserializationTest -->
