<?xml version="1.0" encoding="UTF-8"?>
<!-- Generated by org.testng.reporters.JUnitReportReporter -->
<testsuite hostname="LAPTOP-GAB8185M" failures="0" tests="2" name="com.qa.api.schema.tests.GoRestUserAPISchemaTest" time="0.527" errors="0" timestamp="2026-01-28T09:56:30 IST" skipped="0">
  <testcase classname="com.qa.api.schema.tests.GoRestUserAPISchemaTest" name="createUserAPISchemaTest" time="0.349"/>
  <system-out/>
  <testcase classname="com.qa.api.schema.tests.GoRestUserAPISchemaTest" name="getUsersAPISchemaTest" time="0.178"/>
  <system-out/>
</testsuite> <!-- com.qa.api.schema.tests.GoRestUserAPISchemaTest -->
