<?xml version="1.0" encoding="UTF-8"?>
<!-- Generated by org.testng.reporters.JUnitReportReporter -->
<testsuite hostname="LAPTOP-GAB8185M" failures="0" tests="1" name="com.qa.api.products.tests.ProductAPITestWithJsonPath" time="1.252" errors="0" timestamp="2026-01-27T10:27:16 IST" skipped="0">
  <testcase classname="com.qa.api.products.tests.ProductAPITestWithJsonPath" name="getProductsTest" time="1.252"/>
  <system-out/>
</testsuite> <!-- com.qa.api.products.tests.ProductAPITestWithJsonPath -->
